==30757== Helgrind, a thread error detector
==30757== Copyright (C) 2007-2017, and GNU GPL'd, by OpenWorks LLP et al.
==30757== Using Valgrind-3.19.0 and LibVEX; rerun with -h for copyright info
==30757== Command: ./philo 4 410 200 200
==30757== Parent PID: 10
==30757== 
==30757== 
==30757== Process terminating with default action of signal 2 (SIGINT)
==30757==    at 0x4848CE9: mutex_unlock_WRK (hg_intercepts.c:1182)
==30757==    by 0x10938E: handle_mutex (handle_thread_mutex.c:57)
==30757==    by 0x109D4E: get_bool (philo_mutex.c:35)
==30757==    by 0x1093FE: waiting_thread (monitoring.c:19)
==30757==    by 0x109FDE: philo_dinner (philo_simulation.c:63)
==30757==    by 0x484B7D6: mythread_wrapper (hg_intercepts.c:406)
==30757==    by 0x48EB143: start_thread (pthread_create.c:442)
==30757==    by 0x496AA3F: clone (clone.S:100)
==30757== 
==30757== Use --history-level=approx or =none to gain increased speed, at
==30757== the cost of reduced accuracy of conflicting-access information
==30757== For lists of detected and suppressed errors, rerun with: -s
==30757== ERROR SUMMARY: 0 errors from 0 contexts (suppressed: 1613814 from 7)
